    1  docker srop centos7
    2  ls
    3  cd /home
    4  ls
    5  /root
    6  cd /root
    7  mkdir server_lesson && cd server_lesson
    8  yum update -y && yum -y installgit
    9  git version
   10  yum update -y && yum -y install git
   11  git version
   12  git init
   13  touch first.txt
   14  ls
   15  git branch
   16  git checkout
   17  git log
   18  git diff
   19  git branch
   20  git status
   21  git branch
   22  git remote add working1
   23  git branch working1
   24  git branch master
   25  git add master
   26  git status
   27  git add .
   28  git status
   29  git commit -m 'first commit'
   30  git status
   31  git branch
   32  git log
   33  git add .
   34  git status
   35  git remote add origin https://github.com/eyamagishi/Server-Lesson.git
   36  git remote -v]
   37  git remote -v
   38  git branch
   39  git push origin master
   40  git config --global user.email "e.yamagishi0625@gmail.com" 
   41  git config --global user.name "eyamagishi"
   42  git push origin master
   43  git push origin master
   44  git push origin master
   45  git log
   46  git branch
   47  git status
   48  git commit -m 'first commit'
   49  git status
   50  git log
   51  git log
   52  git push
   53  git log
   54  git status
   55  git diff
   56  git branch
   57  git branch working1
   58  git status
   59  git branch
   60  git checkout working1
   61  git branch
   62  git log
   63  ls
   64  mkdir linux_practice1
   65  ls
   66  cd linux_practice1
   67  ls
   68  mkdir public
   69  ls
   70  cd public
   71  ls
   72  touch index.php
   73  ls
   74  git branch
   75  git status
   76  git add .
   77  git diff
   78  git log
   79  git branc
   80  git branch
   81  gitpractice1-1'


;


;
""










   82  git status
   83  git commit -m 'practice1-1'
   84  git log
   85  git status
   86  git status
   87  git push
   88  git status
   89  git log
   90  git log
   91  ls
   92  cd .
   93  ls
   94  cd ..
   95  ls
   96  cd public
   97  ls
   98  cp index.php index_bk.php
   99  ls
  100  git 
  101  git status
  102  git branch
  103  git branch
  104  git add .
  105  git commit -m 'practice1-2'
  106  git lig
  107  git log
  108  git push
  109  git status
  110  git remote add
  111  git push origin master
  112  git log
  113  git remote -v
  114  cd ..
  115  ls
  116  cp -r public tmp 
  117  ls
  118  ls tmp/
  119  git diff
  120  git branch
  121  git status
  122  git add .
  123  git status
  124  git commit -m 'practice1-3'
  125  git log
  126  git status
  127  git push origin master
  128  git log
  129  git diff
  130  git status
  131  git branch
  132  ls
  133  cd tmp
  134  ls
  135  rm tmp
  136  rm -r tmp
  137  rm 
  138  ls
  139  rm -r index_bk.php
  140  ls
  141  rm index_bk.php
  142  ls
  143  rm -r index_bk.php
  144  ls
  145  git diff
  146  git status
  147  git add .
  148  git branch
  149  git commit -m 'practice1-4'
  150  git diff
  151  git add .
  152  git diff
  153  ls
  154  git add
  155  git add .
  156  git status
  157  git branch
  158  git diff
  159  git add .
  160  git commit -m 'practice1-4'
  161  git add
  162  git add .
  163  .
  164  git status
  165  git add .
  166  git add -A
  167  git status
  168  git diff
  169  git commit -m 'practice1-4'
  170  git log
  171  git branchc
  172  git push
  173  git branc
  174  git branch
  175  git status
  176  git checkout
  177  ls /
  178  ls
  179  cd .
  180  cd ..
  181  ls
  182  ls /
  183  touch README.md
  184  ls
  185  vi README.md 
  186  vi README.md 
  187  ls
  188  cd ..
  189  ls
  190  mv linux_practice1/README.md  README.md
  191  ls
  192  git diff
  193  git status
  194  git add .
  195  git status
  196  git branch
  197  git commit -m 'practice1-5'
  198  git log
  199  git push
  200  git status
  201  git log
  202  git branch
  203  ls
  204  mkdir linux_practice2 
  205  ls
  206  cd linux_practice2 
  207  mkdir documents
  208  ls
  209  touch gizumo{01..50}.md
  210  ls
  211  mkdir trash
  212  ls
  213  mv gizumo{01..50}.md documents/gizumo{01..50}.md
  214  ls
  215  rm gizumo{01..50}.md
  216  ls
  217  touch documents/gizumo{01..50}.md
  218  ls
  219  ls documents/
  220  git status
  221  git log
  222  git add .
  223  ls
  224  git status
  225  git commit -m 'practice2-1'
  226  git status
  227  git log
  228  git diff
  229  git push
  230  git push
  231  git status
  232  git log
  233  cd ..
  234  ls
  235  cd linux_practice2
  236  ls
  237  mv gizumo{20..40} /tmp/
  238  ls documents/
  239  mv documents/gizumo{20..40} trash/
  240  ls documents/
  241  ls documents
  242  mv documents/gizumo{20..40} trash/.
  243  mv documents/gizumo{20..40}.md trash/.
  244  ls
  245  ls documents/
  246  ls trash/
  247  git diff
  248  git log
  249  git add .
  250  git add -A
  251  git diff
  252  git status
  253  git commit -m 'practice2-2'
  254  git status
  255  git push
  256  git log
  257  git status
  258  git log
  259  touch .gitignore
  260  ls
  261  ls -a
  262  vi .gitignore
  263  diff
  264  git diff
  265  git status
  266  vi .gitignore
  267  git 
  268  git add .
  269  git status
  270  git commit -m 'practice2-3'
  271  git log
  272  git push
  273  git push
  274  ls
  275  ls -a
  276  git log
  277  git log
  278  history 300
  279  ls
  280  touch exec_command.log
  281  ls
  282  history 300 > exec_command.log 
